[debug] [2026-06-10T05:44:41.515Z] ----------------------------------------------------------------------
[debug] [2026-06-10T05:44:41.517Z] Command:       /usr/local/share/nvm/versions/node/v24.14.0/bin/node /home/codespace/nvm/current/bin/firebase init
[debug] [2026-06-10T05:44:41.517Z] CLI Version:   15.19.1
[debug] [2026-06-10T05:44:41.518Z] Platform:      linux
[debug] [2026-06-10T05:44:41.518Z] Node Version:  v24.14.0
[debug] [2026-06-10T05:44:41.518Z] Time:          Wed Jun 10 2026 05:44:41 GMT+0000 (Coordinated Universal Time)
[debug] [2026-06-10T05:44:41.518Z] ----------------------------------------------------------------------
[debug] 
[info] 
     ######## #### ########  ######## ########     ###     ######  ########
     ##        ##  ##     ## ##       ##     ##  ##   ##  ##       ##
     ######    ##  ########  ######   ########  #########  ######  ######
     ##        ##  ##    ##  ##       ##     ## ##     ##       ## ##
     ##       #### ##     ## ######## ########  ##     ##  ######  ########

You're about to initialize a Firebase project in this directory:

  /workspaces/finance-erp

Before we get started, keep in mind:

  * You are currently outside your home directory

[info] 
=== Project Setup
[info] 
[info] First, let's associate this project directory with a Firebase project.
[info] You can create multiple project aliases by running firebase use --add, 
[info] 
[debug] [2026-06-10T05:44:51.072Z] > command requires scopes: ["email","openid","https://www.googleapis.com/auth/cloudplatformprojects.readonly","https://www.googleapis.com/auth/firebase","https://www.googleapis.com/auth/cloud-platform"]
[debug] [2026-06-10T05:44:51.072Z] > authorizing via signed-in user (ibrahim52.ip@gmail.com)
[debug] [2026-06-10T05:44:51.073Z] Checked if tokens are valid: true, expires at: 1781073871636
[debug] [2026-06-10T05:44:51.073Z] Checked if tokens are valid: true, expires at: 1781073871636
[debug] [2026-06-10T05:44:51.074Z] >>> [apiv2][query] GET https://firebase.googleapis.com/v1beta1/projects pageSize=100
[debug] [2026-06-10T05:44:51.886Z] <<< [apiv2][status] GET https://firebase.googleapis.com/v1beta1/projects 200
[debug] [2026-06-10T05:44:51.886Z] <<< [apiv2][body] GET https://firebase.googleapis.com/v1beta1/projects [omitted]
[info] 
=== Hosting Setup
[info] 
[debug] [2026-06-10T05:45:03.987Z] Checked if tokens are valid: true, expires at: 1781073871636
[debug] [2026-06-10T05:45:03.987Z] Checked if tokens are valid: true, expires at: 1781073871636
[debug] [2026-06-10T05:45:03.987Z] >>> [apiv2][query] GET https://firebase.googleapis.com/v1beta1/projects/finance-erp-fd54c [none]
[debug] [2026-06-10T05:45:05.352Z] <<< [apiv2][status] GET https://firebase.googleapis.com/v1beta1/projects/finance-erp-fd54c 200
[debug] [2026-06-10T05:45:05.354Z] <<< [apiv2][body] GET https://firebase.googleapis.com/v1beta1/projects/finance-erp-fd54c {"projectId":"finance-erp-fd54c","projectNumber":"658889822207","displayName":"finance-erp","name":"projects/finance-erp-fd54c","resources":{"hostingSite":"finance-erp-fd54c"},"state":"ACTIVE","etag":"1_ba27b99c-099a-45c2-8f2e-bc33b9c68665"}
[info] 
[info] Your public directory is the folder (relative to your project directory) that
[info] will contain Hosting assets to be uploaded with firebase deploy. If you
[info] have a build process for your assets, use your build's output directory.
[info] 
[debug] [2026-06-10T05:55:22.699Z] ExitPromptError: User force closed the prompt with SIGINT
    at Interface.sigint (/usr/local/share/nvm/versions/node/v24.14.0/lib/node_modules/firebase-tools/node_modules/@inquirer/core/dist/commonjs/lib/create-prompt.js:101:37)
    at Interface.emit (node:events:508:28)
    at [_ttyWrite] [as _ttyWrite] (node:internal/readline/interface:1327:18)
    at ReadStream.onkeypress (node:internal/readline/interface:284:20)
    at ReadStream.emit (node:events:520:35)
    at emitKeys (node:internal/readline/utils:371:14)
    at emitKeys.next (<anonymous>)
    at ReadStream.onData (node:internal/readline/emitKeypressEvents:64:36)
    at ReadStream.emit (node:events:508:28)
    at addChunk (node:internal/streams/readable:563:12)
[error] 
[error] Error: An unexpected error has occurred.
